[0.010s] Invoking command in '/ORB_SLAM3/Examples/ros2_ws/build/orb_slam3_ros2': CMAKE_PREFIX_PATH=${CMAKE_PREFIX_PATH}:/opt/ros/foxy /usr/bin/cmake /ORB_SLAM3/Examples/ros2_ws/src/orb_slam3_ros2 -DCMAKE_INSTALL_PREFIX=/ORB_SLAM3/Examples/ros2_ws/install/orb_slam3_ros2
[0.066s] -- The C compiler identification is GNU 9.4.0
[0.116s] -- The CXX compiler identification is GNU 9.4.0
[0.122s] -- Check for working C compiler: /usr/bin/cc
[0.185s] -- Check for working C compiler: /usr/bin/cc -- works
[0.186s] -- Detecting C compiler ABI info
[0.252s] -- Detecting C compiler ABI info - done
[0.270s] -- Detecting C compile features
[0.270s] -- Detecting C compile features - done
[0.273s] -- Check for working CXX compiler: /usr/bin/c++
[0.347s] -- Check for working CXX compiler: /usr/bin/c++ -- works
[0.348s] -- Detecting CXX compiler ABI info
[0.432s] -- Detecting CXX compiler ABI info - done
[0.446s] -- Detecting CXX compile features
[0.447s] -- Detecting CXX compile features - done
[0.449s] -- Found ament_cmake: 0.9.12 (/opt/ros/foxy/share/ament_cmake/cmake)
[0.472s] -- Found PythonInterp: /usr/bin/python3 (found suitable version "3.8.10", minimum required is "3") 
[0.472s] -- Using PYTHON_EXECUTABLE: /usr/bin/python3
[0.689s] -- Found rclcpp: 2.4.3 (/opt/ros/foxy/share/rclcpp/cmake)
[0.747s] -- Using all available rosidl_typesupport_c: rosidl_typesupport_fastrtps_c;rosidl_typesupport_introspection_c
[0.753s] -- Found rosidl_adapter: 1.3.1 (/opt/ros/foxy/share/rosidl_adapter/cmake)
[0.856s] -- Found OpenSSL: /usr/lib/x86_64-linux-gnu/libcrypto.so (found version "1.1.1f")  
[0.903s] -- Found FastRTPS: /opt/ros/foxy/include  
[1.015s] -- Using all available rosidl_typesupport_cpp: rosidl_typesupport_fastrtps_cpp;rosidl_typesupport_introspection_cpp
[1.081s] -- Found rmw_implementation_cmake: 1.0.4 (/opt/ros/foxy/share/rmw_implementation_cmake/cmake)
[1.083s] -- Using RMW implementation 'rmw_fastrtps_cpp' as default
[1.084s] -- Looking for pthread.h
[1.151s] -- Looking for pthread.h - found
[1.152s] -- Performing Test CMAKE_HAVE_LIBC_PTHREAD
[1.218s] -- Performing Test CMAKE_HAVE_LIBC_PTHREAD - Failed
[1.219s] -- Looking for pthread_create in pthreads
[1.275s] -- Looking for pthread_create in pthreads - not found
[1.275s] -- Looking for pthread_create in pthread
[1.342s] -- Looking for pthread_create in pthread - found
[1.343s] -- Found Threads: TRUE  
[1.523s] -- Found sensor_msgs: 2.0.5 (/opt/ros/foxy/share/sensor_msgs/cmake)
[1.672s] -- Found cv_bridge: 3.0.7 (/opt/ros/foxy/share/cv_bridge/cmake)
[1.692s] -- Include directories: 
[1.692s] -- Link libraries: opencv_calib3d;opencv_core;opencv_dnn;opencv_features2d;opencv_flann;opencv_gapi;opencv_highgui;opencv_imgcodecs;opencv_imgproc;opencv_ml;opencv_objdetect;opencv_photo;opencv_stitching;opencv_video;opencv_videoio;pangolin;opencv_calib3d;opencv_core;opencv_dnn;opencv_features2d;opencv_flann;opencv_gapi;opencv_highgui;opencv_imgcodecs;opencv_imgproc;opencv_ml;opencv_objdetect;opencv_photo;opencv_stitching;opencv_video;opencv_videoio;opencv_calib3d;opencv_core;opencv_dnn;opencv_features2d;opencv_flann;opencv_gapi;opencv_highgui;opencv_imgcodecs;opencv_imgproc;opencv_ml;opencv_objdetect;opencv_photo;opencv_stitching;opencv_video;opencv_videoio;/opt/ros/foxy/lib/libsensor_msgs__rosidl_generator_c.so;rcutils::rcutils;/opt/ros/foxy/lib/libsensor_msgs__rosidl_typesupport_introspection_c.so;sensor_msgs::sensor_msgs__rosidl_generator_c;rosidl_typesupport_introspection_c::rosidl_typesupport_introspection_c;/opt/ros/foxy/lib/libsensor_msgs__rosidl_typesupport_c.so;rosidl_typesupport_c::rosidl_typesupport_c;/opt/ros/foxy/lib/libsensor_msgs__rosidl_typesupport_introspection_cpp.so;rosidl_typesupport_introspection_cpp::rosidl_typesupport_introspection_cpp;/opt/ros/foxy/lib/libsensor_msgs__rosidl_typesupport_cpp.so;rosidl_runtime_c::rosidl_runtime_c;rosidl_runtime_cpp::rosidl_runtime_cpp;rosidl_typesupport_cpp::rosidl_typesupport_cpp;rosidl_typesupport_interface::rosidl_typesupport_interface;builtin_interfaces::builtin_interfaces__rosidl_generator_c;builtin_interfaces::builtin_interfaces__rosidl_typesupport_introspection_c;builtin_interfaces::builtin_interfaces__rosidl_typesupport_c;builtin_interfaces::builtin_interfaces__rosidl_generator_cpp;builtin_interfaces::builtin_interfaces__rosidl_typesupport_introspection_cpp;builtin_interfaces::builtin_interfaces__rosidl_typesupport_cpp;geometry_msgs::geometry_msgs__rosidl_generator_c;geometry_msgs::geometry_msgs__rosidl_typesupport_introspection_c;geometry_msgs::geometry_msgs__rosidl_typesupport_c;geometry_msgs::geometry_msgs__rosidl_generator_cpp;geometry_msgs::geometry_msgs__rosidl_typesupport_introspection_cpp;geometry_msgs::geometry_msgs__rosidl_typesupport_cpp;std_msgs::std_msgs__rosidl_generator_c;std_msgs::std_msgs__rosidl_typesupport_introspection_c;std_msgs::std_msgs__rosidl_typesupport_c;std_msgs::std_msgs__rosidl_generator_cpp;std_msgs::std_msgs__rosidl_typesupport_introspection_cpp;std_msgs::std_msgs__rosidl_typesupport_cpp;/opt/ros/foxy/lib/libcv_bridge.so;/ORB_SLAM3/Thirdparty/DBoW2/lib/libDBoW2.so;/ORB_SLAM3/Thirdparty/g2o/lib/libg2o.so;/ORB_SLAM3/lib/libORB_SLAM3.so;-lboost_system
[1.770s] -- Configuring done
[1.799s] -- Generating done
[1.801s] -- Build files have been written to: /ORB_SLAM3/Examples/ros2_ws/build/orb_slam3_ros2
[1.809s] Invoked command in '/ORB_SLAM3/Examples/ros2_ws/build/orb_slam3_ros2' returned '0': CMAKE_PREFIX_PATH=${CMAKE_PREFIX_PATH}:/opt/ros/foxy /usr/bin/cmake /ORB_SLAM3/Examples/ros2_ws/src/orb_slam3_ros2 -DCMAKE_INSTALL_PREFIX=/ORB_SLAM3/Examples/ros2_ws/install/orb_slam3_ros2
[1.812s] Invoking command in '/ORB_SLAM3/Examples/ros2_ws/build/orb_slam3_ros2': CMAKE_PREFIX_PATH=${CMAKE_PREFIX_PATH}:/opt/ros/foxy /usr/bin/cmake --build /ORB_SLAM3/Examples/ros2_ws/build/orb_slam3_ros2 -- -j12 -l12
[1.851s] [35m[1mScanning dependencies of target MonoNode[0m
[1.970s] [ 50%] [32mBuilding CXX object CMakeFiles/MonoNode.dir/src/ros2_mono.cpp.o[0m
[2.147s] In file included from [01m[K/ORB_SLAM3/Examples/ros2_ws/src/orb_slam3_ros2/../../../../include/MapPoint.h:23[m[K,
[2.147s]                  from [01m[K/ORB_SLAM3/Examples/ros2_ws/src/orb_slam3_ros2/../../../../include/FrameDrawer.h:24[m[K,
[2.147s]                  from [01m[K/ORB_SLAM3/Examples/ros2_ws/src/orb_slam3_ros2/../../../../include/Viewer.h:23[m[K,
[2.147s]                  from [01m[K/ORB_SLAM3/Examples/ros2_ws/src/orb_slam3_ros2/../../../../include/Tracking.h:26[m[K,
[2.147s]                  from [01m[K/ORB_SLAM3/Examples/ros2_ws/src/orb_slam3_ros2/../../../../include/System.h:31[m[K,
[2.147s]                  from [01m[K/ORB_SLAM3/Examples/ros2_ws/src/orb_slam3_ros2/src/ros2_mono.cpp:31[m[K:
[2.148s] [01m[K/ORB_SLAM3/Examples/ros2_ws/src/orb_slam3_ros2/../../../../include/KeyFrame.h:24:10:[m[K [01;31m[Kfatal error: [m[KThirdparty/DBoW2/DBoW2/BowVector.h: No such file or directory
[2.148s]    24 | #include [01;31m[K"Thirdparty/DBoW2/DBoW2/BowVector.h"[m[K
[2.148s]       |          [01;31m[K^~~~~~~~~~~~~~~~~~~~~~~~~~~~~~~~~~~~[m[K
[2.148s] compilation terminated.
[2.152s] make[2]: *** [CMakeFiles/MonoNode.dir/build.make:63: CMakeFiles/MonoNode.dir/src/ros2_mono.cpp.o] Error 1
[2.152s] make[1]: *** [CMakeFiles/Makefile2:78: CMakeFiles/MonoNode.dir/all] Error 2
[2.152s] make: *** [Makefile:141: all] Error 2
[2.156s] Invoked command in '/ORB_SLAM3/Examples/ros2_ws/build/orb_slam3_ros2' returned '2': CMAKE_PREFIX_PATH=${CMAKE_PREFIX_PATH}:/opt/ros/foxy /usr/bin/cmake --build /ORB_SLAM3/Examples/ros2_ws/build/orb_slam3_ros2 -- -j12 -l12
